<?xml version="1.0" encoding="UTF-8"?>
<testsuite xmlns:xsi="http://www.w3.org/2001/XMLSchema-instance" xsi:noNamespaceSchemaLocation="https://maven.apache.org/surefire/maven-surefire-plugin/xsd/surefire-test-report.xsd" name="TestSuite" time="19.131" tests="3" errors="0" skipped="0" failures="0">
  <properties>
[...]
</properties>
  <testcase name="loginTest" classname="Tests.TC_LoginTest_001" time="1.464"/>
  <testcase name="loginTest" classname="Tests.TC_LoginTest_001" time="1.924"/>
  <testcase name="loginTest" classname="Tests.TC_LoginTest_001" time="3.577"/>
</testsuite>