<?xml version="1.0" encoding="UTF-8"?>
<!-- Generated by org.testng.reporters.JUnitXMLReporter -->
<testsuite hostname="LAPTOP-EQBD8BES" ignored="1" name="BankingApp Test4" tests="1" failures="0" timestamp="2021-03-01T13:21:57 IST" time="18.403" errors="0">
  <testcase name="loginTest" time="3.805" classname="Tests.TC_LoginTest_001"/>
  <testcase name="addNewCustomer" time="0.0" classname="Tests.TC_AddCustomerTest_003">
    <ignored/>
  </testcase> <!-- addNewCustomer -->
</testsuite> <!-- BankingApp Test4 -->
