<?xml version="1.0" encoding="UTF-8"?>
<!-- Generated by org.testng.reporters.JUnitXMLReporter -->
<testsuite hostname="LAPTOP-EQBD8BES" ignored="1" name="BankingApp Test5" tests="1" failures="0" timestamp="2021-03-01T13:21:56 IST" time="17.378" errors="0">
  <testcase name="loginTest" time="1.925" classname="Tests.TC_LoginTest_001"/>
  <testcase name="addNewCustomer" time="0.0" classname="Tests.TC_AddCustomerTest_003">
    <ignored/>
  </testcase> <!-- addNewCustomer -->
</testsuite> <!-- BankingApp Test5 -->
